### ISSUE TITLE
sound distorted on ubuntu 14.04 nvidia 331, 304 and 340 drivers

### ISSUE THREAD

**Issue by parkragsterman** [performous/performous#148]
Hey all,

I just upgraded my HTPC which now runs ubuntu 14.04 LTS (upgraded from 12 something), XBMC/KODI and of course performous (from 0.5.1 to 0.7.0).

while all sound works flawlessly on the machine after the upgrade which is an Asrock 330HT with an nvidia ION inside. the sound is outputted through the HDMI to the TV which works fine under KODI standalone and the ubuntu gnome desktop.

however when I launch performous from the gnome desktop, the sound is very distorted. it sounds noisy (mixed with white noise) on the main screen and when loading songs, it sounds like they've been encoded with the wrong sample-rate (like some disney mice are singing).

I've tried changing between nvidia drivers 304, 331 and 340 and they all have the same behavior, so I don't think this is the problem.
I have tried both to use pasuspender and take the sound straight to the nvidia HDMI or through pulse audio. both with the same distorted result.
I've tried loading performous with other sample rates (--audio "rate=44100"), however performous never starts this way - not sure if it's implemented.

I really think the issue therefore is somewhere in performous or possibly a bug across many nvidia driver versions.

any ideas what's wrong or how to troubleshoot further?

thanks,
Pär

**Comment by nieknooijens** [comment]
Did you change the audio devices in the performous-settings? You can then adjust the volume within performous with Ctrl+up and Ctrl+down

**Comment by parkragsterman** [comment]
Hey there, sure I did the sound configuration from within performous assigning directly to the nvidia HDMI output. actually it gives exactly the same result with various assignments (either through pulse audio or directly to the HDMI nvidia card). adjusting the volume up or down does not remove the distortion.

I will try to upgrade to v1.0. is there a PPA repository I can add for simplicity for such an installation. I saw a daily build PPA, however the latest builds were broken.

**Comment by nieknooijens** [comment]
just follow these instructions:
https://github.com/performous/performous/wiki/Building-and-installing-from-source

**Comment by parkragsterman** [comment]
ok, I've now built performous from the latest source on git following the instructions provided (thanks). the build and install process worked just fine. however now performous does not start. I get a segmentation fault. is the latest git code stable?

I tired starting both directy and wrapped in the pasuspender. same fault.

are you aware of this issue or should I provide some output (console output, syslog... let me know what's relevant)?

thanks again,

**Comment by TobiX** [comment]
A backtrace would be nice. I'm not aware of any segfaults in the current trunk version. I was actually planning to build a new version, but I'm currently moving, so all my free time goes into renovating my new flat ;)

**Comment by nieknooijens** [comment]
also no segfaults here, everything works fine.

use "gdb performous" then type "run", when it crashes go to the terminal and type "bt" (backtrace)
then copy-paste the output here.

**Comment by parkragsterman** [comment]
here you go. segfault on line 57. with some additional info from gdb.

GNU gdb (Ubuntu 7.7.1-0ubuntu5~14.04.2) 7.7.1
Copyright (C) 2014 Free Software Foundation, Inc.
License GPLv3+: GNU GPL version 3 or later <http://gnu.org/licenses/gpl.html>
This is free software: you are free to change and redistribute it.
There is NO WARRANTY, to the extent permitted by law.  Type "show copying"
and "show warranty" for details.
This GDB was configured as "i686-linux-gnu".
Type "show configuration" for configuration details.
For bug reporting instructions, please see:
<http://www.gnu.org/software/gdb/bugs/>.
Find the GDB manual and other documentation resources online at:
<http://www.gnu.org/software/gdb/documentation/>.
For help, type "help".
Type "apropos word" to search for commands related to "word"...
Reading symbols from performous...done.
(gdb) handle SIG33 pass nostop noprint
Signal        Stop	Print	Pass to program	Description
SIG33         No	No	Yes		Real-time event 33
(gdb) set pagination 0
(gdb) run
Starting program: /usr/local/bin/performous 
[Thread debugging using libthread_db enabled]
Using host libthread_db library "/lib/i386-linux-gnu/libthread_db.so.1".
Traceback (most recent call last):
  File "/usr/share/gdb/auto-load/usr/lib/i386-linux-gnu/libstdc++.so.6.0.19-gdb.py", line 63, in <module>
    from libstdcxx.v6.printers import register_libstdcxx_printers
ImportError: No module named 'libstdcxx'
logger/notice: Logging all notices, warnings and errors. Log file: /home/xbmc/.cache/performous/infolog.txt
core/notice: Performous 1.0-84-ge377f9f starting...
  Build date:           Jun 19 2015
  Internationalization: Enabled
  MIDI Hardware I/O:    Enabled
  Webcam support:       Enabled
core/notice: Starting the audio subsystem (errors printed on console may be ignored).
[New Thread 0xb004ab40 (LWP 2469)]
ALSA lib pcm.c:2239:(snd_pcm_open_noupdate) Unknown PCM cards.pcm.rear
ALSA lib pcm.c:2239:(snd_pcm_open_noupdate) Unknown PCM cards.pcm.center_lfe
ALSA lib pcm.c:2239:(snd_pcm_open_noupdate) Unknown PCM cards.pcm.side
[New Thread 0xab5d2b40 (LWP 2470)]
[Thread 0xab5d2b40 (LWP 2470) exited]
[New Thread 0xab5d2b40 (LWP 2471)]
[Thread 0xab5d2b40 (LWP 2471) exited]
bt_audio_service_open: connect() failed: Connection refused (111)
bt_audio_service_open: connect() failed: Connection refused (111)
bt_audio_service_open: connect() failed: Connection refused (111)
bt_audio_service_open: connect() failed: Connection refused (111)
[New Thread 0xab5d2b40 (LWP 2472)]
[Thread 0xab5d2b40 (LWP 2472) exited]
[New Thread 0xab5d2b40 (LWP 2473)]
[Thread 0xab5d2b40 (LWP 2473) exited]
[New Thread 0xab5d2b40 (LWP 2474)]
[Thread 0xab5d2b40 (LWP 2474) exited]
[New Thread 0xab5d2b40 (LWP 2475)]
[New Thread 0xaf5a6b40 (LWP 2476)]

Program received signal SIGSEGV, Segmentation fault.
Shader::dumpInfoLog (this=this@entry=0x835e500, id=0) at /home/xbmc/git/performous/game/glshader.cc:35
35		if (glIsShader(id)) glGetShaderInfoLog(id, maxLength, &infoLogLength, infoLog);
(gdb) backtrace full
#0  Shader::dumpInfoLog (this=this@entry=0x835e500, id=0) at /home/xbmc/git/performous/game/glshader.cc:35
        maxLength = -1214984192
        infoLog = <optimized out>
        infoLogLength = 0
#1  0x0819e028 in Shader::compileCode (this=this@entry=0x835e500, srccode=..., type=type@entry=36313) at /home/xbmc/git/performous/game/glshader.cc:85
        ec = {info = {static npos = <optimized out>, _M_dataplus = {<std::allocator<char>> = {<__gnu_cxx::new_allocator<char>> = {<No data fields>}, <No data fields>}, _M_p = 0x835e34c "Shader::compile"}}}
        new_shader = 0
        source = 0x8362064 "#version 330\n#extension GL_ARB_viewport_array : require\n\nuniform float sepFactor;\nuniform float z0;\n\nlayout(triangles) in;\nlayout(triangle_strip, max_vertices = 6) out;\n\nin vec3 vLightDir[];\nin vec2 v"...
#2  0x0819f620 in Shader::compileFile (this=0x835e500, filename=...) at /home/xbmc/git/performous/game/glshader.cc:67
        ext = {static preferred_separator = 47 '/', m_pathname = {static npos = <optimized out>, _M_dataplus = {<std::allocator<char>> = {<__gnu_cxx::new_allocator<char>> = {<No data fields>}, <No data fields>}, _M_p = 0x835e3fc ".geom"}}}
        type = 36313
        srccode = {static npos = <optimized out>, _M_dataplus = {<std::allocator<char>> = {<__gnu_cxx::new_allocator<char>> = {<No data fields>}, <No data fields>}, _M_p = 0x8362064 "#version 330\n#extension GL_ARB_viewport_array : require\n\nuniform float sepFactor;\nuniform float z0;\n\nlayout(triangles) in;\nlayout(triangle_strip, max_vertices = 6) out;\n\nin vec3 vLightDir[];\nin vec2 v"...}}
#3  0x081297c5 in Window::Window (this=0xbfffe98c, width=<optimized out>, height=<optimized out>, fs=true) at /home/xbmc/git/performous/game/video_driver.cc:98
No locals.
#4  0x0811cb21 in mainLoop (songlist=...) at /home/xbmc/git/performous/game/main.cc:142
        window = {m_windowW = 1024, m_windowH = 600, m_fullscreen = true, m_shaders = {<boost::ptr_map_adapter<Shader, std::map<std::basic_string<char, std::char_traits<char>, std::allocator<char> >, void*, std::less<std::basic_string<char, std::char_traits<char>, std::allocator<char> > >, std::allocator<std::pair<std::basic_string<char, std::char_traits<char>, std::allocator<char> > const, void*> > >, boost::heap_clone_allocator, true>> = {<boost::ptr_container_detail::ptr_map_adapter_base<Shader, std::map<std::basic_string<char, std::char_traits<char>, std::allocator<char> >, void*, std::less<std::basic_string<char, std::char_traits<char>, std::allocator<char> > >, std::allocator<std::pair<std::basic_string<char, std::char_traits<char>, std::allocator<char> > const, void*> > >, boost::heap_clone_allocator, true>> = {<boost::ptr_container_detail::associative_ptr_container<boost::ptr_container_detail::map_config<Shader, std::map<std::basic_string<char, std::char_traits<char>, std::allocator<char> >, void*, std::less<std::basic_string<char, std::char_traits<char>, std::allocator<char> > >, std::allocator<std::pair<std::basic_string<char, std::char_traits<char>, std::allocator<char> > const, void*> > >, true>, boost::heap_clone_allocator>> = {<boost::ptr_container_detail::reversible_ptr_container<boost::ptr_container_detail::map_config<Shader, std::map<std::basic_string<char, std::char_traits<char>, std::allocator<char> >, void*, std::less<std::basic_string<char, std::char_traits<char>, std::allocator<char> > >, std::allocator<std::pair<std::basic_string<char, std::char_traits<char>, std::allocator<char> > const, void*> > >, true>, boost::heap_clone_allocator>> = {static allow_null = false, c_ = {_M_t = {_M_impl = {<std::allocator<std::_Rb_tree_node<std::pair<std::basic_string<char, std::char_traits<char>, std::allocator<char> > const, void*> > >> = {<__gnu_cxx::new_allocator<std::_Rb_tree_node<std::pair<std::basic_string<char, std::char_traits<char>, std::allocator<char> > const, void*> > >> = {<No data fields>}, <No data fields>}, _M_key_compare = {<std::binary_function<std::basic_string<char, std::char_traits<char>, std::allocator<char> >, std::basic_string<char, std::char_traits<char>, std::allocator<char> >, bool>> = {<No data fields>}, <No data fields>}, _M_header = {_M_color = std::_S_red, _M_parent = 0x835e320, _M_left = 0x835e320, _M_right = 0x835e320}, _M_node_count = 1}}}}, <No data fields>}, <No data fields>}, <No data fields>}, <No data fields>}, screen = 0x83756d8}
        backgrounds = {<boost::noncopyable_::noncopyable> = {<No data fields>}, m_bgs = {<std::_Vector_base<std::basic_string<char, std::char_traits<char>, std::allocator<char> >, std::allocator<std::basic_string<char, std::char_traits<char>, std::allocator<char> > > >> = {_M_impl = {<std::allocator<std::basic_string<char, std::char_traits<char>, std::allocator<char> > >> = {<__gnu_cxx::new_allocator<std::basic_string<char, std::char_traits<char>, std::allocator<char> > >> = {<No data fields>}, <No data fields>}, _M_start = 0x0, _M_finish = 0xbfffee98, _M_end_of_storage = 0x1}}, <No data fields>}, m_bgiter = -1233987537, m_dirty = false, m_loading = false, m_thread = {px = 0x1}, m_mutex = {m = {__data = {__lock = 24, __count = 135778784, __owner = 136631300, __kind = 136635092, __nusers = 19, {d = {__espins = 20480, __elision = -18820}, __list = {__next = 0xb67c5000}}}, __size = "\030\000\000\000\340\321\027\b\004\324$\b\324\342$\b\023\000\000\000\000P|\266", __align = 24}}}
        gm = {<Singleton<Game>> = {static ms_Singleton = 0x0}, m_window = @0xb7e3264c, controllers = {<boost::noncopyable_::noncopyable> = {<No data fields>}, self = {px = 0xb7e32e3c}}, m_finished = 190, screens = {<boost::ptr_map_adapter<Screen, std::map<std::basic_string<char, std::char_traits<char>, std::allocator<char> >, void*, std::less<std::basic_string<char, std::char_traits<char>, std::allocator<char> > >, std::allocator<std::pair<std::basic_string<char, std::char_traits<char>, std::allocator<char> > const, void*> > >, boost::heap_clone_allocator, true>> = {<boost::ptr_container_detail::ptr_map_adapter_base<Screen, std::map<std::basic_string<char, std::char_traits<char>, std::allocator<char> >, void*, std::less<std::basic_string<char, std::char_traits<char>, std::allocator<char> > >, std::allocator<std::pair<std::basic_string<char, std::char_traits<char>, std::allocator<char> > const, void*> > >, boost::heap_clone_allocator, true>> = {<boost::ptr_container_detail::associative_ptr_container<boost::ptr_container_detail::map_config<Screen, std::map<std::basic_string<char, std::char_traits<char>, std::allocator<char> >, void*, std::less<std::basic_string<char, std::char_traits<char>, std::allocator<char> > >, std::allocator<std::pair<std::basic_string<char, std::char_traits<char>, std::allocator<char> > const, void*> > >, true>, boost::heap_clone_allocator>> = {<boost::ptr_container_detail::reversible_ptr_container<boost::ptr_container_detail::map_config<Screen, std::map<std::basic_string<char, std::char_traits<char>, std::allocator<char> >, void*, std::less<std::basic_string<char, std::char_traits<char>, std::allocator<char> > >, std::allocator<std::pair<std::basic_string<char, std::char_traits<char>, std::allocator<char> > const, void*> > >, true>, boost::heap_clone_allocator>> = {static allow_null = false, c_ = {_M_t = {_M_impl = {<std::allocator<std::_Rb_tree_node<std::pair<std::basic_string<char, std::char_traits<char>, std::allocator<char> > const, void*> > >> = {<__gnu_cxx::new_allocator<std::_Rb_tree_node<std::pair<std::basic_string<char, std::char_traits<char>, std::allocator<char> > const, void*> > >> = {<No data fields>}, <No data fields>}, _M_key_compare = {<std::binary_function<std::basic_string<char, std::char_traits<char>, std::allocator<char> >, std::basic_string<char, std::char_traits<char>, std::allocator<char> >, bool>> = {<No data fields>}, <No data fields>}, _M_header = {_M_color = (unknown: 3058532040), _M_parent = 0xb64d9688, _M_left = 0xb7fff000, _M_right = 0xbfffec84}, _M_node_count = 3086218416}}}}, <No data fields>}, <No data fields>}, <No data fields>}, <No data fields>}, newScreen = 0x0, currentScreen = 0x0, currentPlaylist = {m_list = {<std::_Vector_base<boost::shared_ptr<Song>, std::allocator<boost::shared_ptr<Song> > >> = {_M_impl = {<std::allocator<boost::shared_ptr<Song> >> = {<__gnu_cxx::new_allocator<boost::shared_ptr<Song> >> = {<No data fields>}, <No data fields>}, _M_start = 0x5, _M_finish = 0x7f, _M_end_of_storage = 0x0}}, <No data fields>}}, m_timeToFadeIn = -2.90809985e-05, m_timeToFadeOut = 4.0452131e-34, m_timeToShow = -2.70861128e-05, m_message = {static npos = <optimized out>, _M_dataplus = {<std::allocator<char>> = {<__gnu_cxx::new_allocator<char>> = {<No data fields>}, <No data fields>}, _M_p = 0x804f320 "\376\270"}}, m_messagePopup = {m_value = -1.9716195443096858e-46, m_target = -1.7600925723074665e-39, m_rate = -1.995304793118521, m_time = {sec = -4611707455817123088, nsec = 2}}, m_textMessage = {dimensions = {m_ar = 4.04969191e-34, m_x = -4.72581269e-06, m_y = -1.99939632, m_w = -3.05101275e-05, m_h = -3.55417069e-06, m_xAnchor = (Dimensions::LEFT | unknown: 28), m_yAnchor = (unknown: 136238536), m_screenAnchor = (unknown: 3086906660)}, m_opengl_text = {<boost::ptr_sequence_adapter<OpenGLText, std::vector<void*, std::allocator<void*> >, boost::heap_clone_allocator>> = {<boost::ptr_container_detail::reversible_ptr_container<boost::ptr_container_detail::sequence_config<OpenGLText, std::vector<void*, std::allocator<void*> > >, boost::heap_clone_allocator>> = {static allow_null = false, c_ = {<std::_Vector_base<void*, std::allocator<void*> >> = {_M_impl = {<std::allocator<void*>> = {<__gnu_cxx::new_allocator<void*>> = {<No data fields>}, <No data fields>}, _M_start = 0x1, _M_finish = 0xb654866c <_int_malloc+12>, _M_end_of_storage = 0x5}}, <No data fields>}}, <No data fields>}, <No data fields>}, m_align = SvgTxtTheme::A_ASIS, m_x = 3.2685466258892924e-312, m_y = 2.2761387695408703e-299, m_width = -1.6785732815904045e-46, m_height = 1.4244174999487845e-313, m_factor = 5.3060511536445681e-270, m_texture_width = 1.5251836170583283e-314, m_texture_height = 1.6975966354895789e-313, m_cache_text = {static npos = <optimized out>, _M_dataplus = {<std::allocator<char>> = {<__gnu_cxx::new_allocator<char>> = {<No data fields>}, <No data fields>}, _M_p = 0x0}}, m_text = {fill_col = {r = 1.0609978954826362e-313, g = -2.6402012306505967e-77, b = 5.3498585758658557e-270, a = 4.9533404078413027e-270}, stroke_col = {r = -1.3077570450010106e-46, g = 7.8785180191588468e-314, b = -1.9954726397982085, a = -1.9954077899453146}, stroke_width = -1.9953314959779882, fontsize = -1.9953384698155361, fontfamily = {static npos = <optimized out>, _M_dataplus = {<std::allocator<char>> = {<__gnu_cxx::new_allocator<char>> = {<No data fields>}, <No data fields>}, _M_p = 0xb7fffa94 "\310\325\036\b\233"}}, fontstyle = {static npos = <optimized out>, _M_dataplus = {<std::allocator<char>> = {<__gnu_cxx::new_allocator<char>> = {<No data fields>}, <No data fields>}, _M_p = 0x0}}, fontweight = {static npos = <optimized out>, _M_dataplus = {<std::allocator<char>> = {<__gnu_cxx::new_allocator<char>> = {<No data fields>}, <No data fields>}, _M_p = 0xb0087508 "\231"}}, fontalign = {static npos = <optimized out>, _M_dataplus = {<std::allocator<char>> = {<__gnu_cxx::new_allocator<char>> = {<No data fields>}, <No data fields>}, _M_p = 0x5 <error: Cannot access memory at address 0x5>}}, text = {static npos = <optimized out>, _M_dataplus = {<std::allocator<char>> = {<__gnu_cxx::new_allocator<char>> = {<No data fields>}, <No data fields>}, _M_p = 0x0}}}, m_text_highlight = {fill_col = {r = -5.8726064458433024e-39, g = -1.9954071044921873, b = -2.0630252794421046e-46, a = 8.9123823220541437e-313}, stroke_col = {r = -5.6175364759160473e-47, g = -1.9953391551960893, b = 5.3498587081566985e-270, a = 1.5251836170583283e-314}, stroke_width = -5.6175363207097689e-47, fontsize = 4.243991581436479e-314, fontfamily = {static npos = <optimized out>, _M_dataplus = {<std::allocator<char>> = {<__gnu_cxx::new_allocator<char>> = {<No data fields>}, <No data fields>}, _M_p = 0x18 <error: Cannot access memory at address 0x18>}}, fontstyle = {static npos = <optimized out>, _M_dataplus = {<std::allocator<char>> = {<__gnu_cxx::new_allocator<char>> = {<No data fields>}, <No data fields>}, _M_p = 0xb69e92e0 ""}}, fontweight = {static npos = <optimized out>, _M_dataplus = {<std::allocator<char>> = {<__gnu_cxx::new_allocator<char>> = {<No data fields>}, <No data fields>}, _M_p = 0xbfffed30 "\220\355\377\277\201\301\376\267\360\372\377\267"}}, fontalign = {static npos = <optimized out>, _M_dataplus = {<std::allocator<char>> = {<__gnu_cxx::new_allocator<char>> = {<No data fields>}, <No data fields>}, _M_p = 0xb65adf32 <___xstat64+34> "\207\323="}}, text = {static npos = <optimized out>, _M_dataplus = {<std::allocator<char>> = {<__gnu_cxx::new_allocator<char>> = {<No data fields>}, <No data fields>}, _M_p = 0x10 <error: Cannot access memory at address 0x10>}}}}, m_loadingProgress = -2.71325425e-05, m_logo = {<OpenGLTexture<3553u>> = {<boost::noncopyable_::noncopyable> = {<No data fields>}, m_id = 1}, dimensions = {m_ar = 0, m_x = 2.24207754e-44, m_y = -3.71328861e-06, m_w = 4.96525875e-34, m_h = -1.99942577, m_xAnchor = (unknown: 4), m_yAnchor = Dimensions::BOTTOM, m_screenAnchor = (unknown: 3221220836)}, tex = {x1 = -3.05101275e-05, y1 = -3.05144204e-05, x2 = -3.16614501e-06, y2 = -1.99943733}, m_width = 3086926209, m_height = 3087006448, m_premultiplied = false, m_texture = {<boost::noncopyable_::noncopyable> = {<No data fields>}, m_id = 3060261920}}, m_logoAnim = {m_value = 7.9574820145632533e-314, m_target = 3.6333431430895933e-314, m_rate = -1.3077570715715914e-46, m_time = {sec = -5308434752794756619, nsec = -1233367040}}, m_dialogTimeOut = {m_value = -2.0769369666169553e-46, m_target = -1.9954977035522496, m_rate = -5.6175333437745923e-47, m_time = {sec = 15945163992, nsec = -1234705376}}, m_dialog = {px = 0xb67c5000}}
        audio = {self = {px = 0x82538a8}}
        m_loader = {<No data fields>}
        database = {cur = {<std::_List_base<Player, std::allocator<Player> >> = {_M_impl = {<std::allocator<std::_List_node<Player> >> = {<__gnu_cxx::new_allocator<std::_List_node<Player> >> = {<No data fields>}, <No data fields>}, _M_node = {_M_next = 0x4, _M_prev = 0x30}}}, <No data fields>}, scores = {<std::_List_base<ScoreItem, std::allocator<ScoreItem> >> = {_M_impl = {<std::allocator<std::_List_node<ScoreItem> >> = {<__gnu_cxx::new_allocator<std::_List_node<ScoreItem> >> = {<No data fields>}, <No data fields>}, _M_node = {_M_next = 0xb65479f5 <_int_free+21>, _M_prev = 0xb667e420 <main_arena>}}}, <No data fields>}, m_filename = {static preferred_separator = 47 '/', m_pathname = {static npos = <optimized out>, _M_dataplus = {<std::allocator<char>> = {<__gnu_cxx::new_allocator<char>> = {<No data fields>}, <No data fields>}, _M_p = 0x1 <error: Cannot access memory at address 0x1>}}}, m_players = {<boost::noncopyable_::noncopyable> = {<No data fields>}, m_players = {_M_t = {_M_impl = {<std::allocator<std::_Rb_tree_node<PlayerItem> >> = {<__gnu_cxx::new_allocator<std::_Rb_tree_node<PlayerItem> >> = {<No data fields>}, <No data fields>}, _M_key_compare = {<std::binary_function<PlayerItem, PlayerItem, bool>> = {<No data fields>}, <No data fields>}, _M_header = {_M_color = (unknown: 3058992748), _M_parent = 0xb667e420 <main_arena>, _M_left = 0x1, _M_right = 0xe}, _M_node_count = 3061600256}}}, m_filtered = {<std::_Vector_base<PlayerItem, std::allocator<PlayerItem> >> = {_M_impl = {<std::allocator<PlayerItem>> = {<__gnu_cxx::new_allocator<PlayerItem>> = {<No data fields>}, <No data fields>}, _M_start = 0x0, _M_finish = 0xa, _M_end_of_storage = 0x0}}, <No data fields>}, m_filter = {static npos = <optimized out>, _M_dataplus = {<std::allocator<char>> = {<__gnu_cxx::new_allocator<char>> = {<No data fields>}, <No data fields>}, _M_p = 0xb672d82f <operator delete(void*)+31> "\203\304\030[\303f\220f\220f\220f\220f\220f\220S\203\354\030\350G\346\377\377\201÷w\t"}}, math_cover = {m_target = 0, m_songs = 1, m_position = -5.6175333437746098e-47, m_velocity = -3.0995529687628457e-46, m_marginLeft = -2.7512554572378918e-46, m_marginRight = 2.1895071302745884e-314, m_time = {sec = -5303023745600847858, nsec = -1233367040}}, m_dirty = 12}, m_hiscores = {m_hiscore = {_M_t = {_M_impl = {<std::allocator<std::_Rb_tree_node<HiscoreItem> >> = {<__gnu_cxx::new_allocator<std::_Rb_tree_node<HiscoreItem> >> = {<No data fields>}, <No data fields>}, _M_key_compare = {<std::binary_function<HiscoreItem, HiscoreItem, bool>> = {<No data fields>}, <No data fields>}, _M_header = {_M_color = (unknown: 3060971370), _M_parent = 0x8250778, _M_left = 0xbfffeacf, _M_right = 0x18}, _M_node_count = 3059001096}}}}, m_songs = {m_songs = {_M_t = {_M_impl = {<std::allocator<std::_Rb_tree_node<SongItem> >> = {<__gnu_cxx::new_allocator<std::_Rb_tree_node<SongItem> >> = {<No data fields>}, <No data fields>}, _M_key_compare = {<std::binary_function<SongItem, SongItem, bool>> = {<No data fields>}, <No data fields>}, _M_header = {_M_color = (unknown: 3061600256), _M_parent = 0x81e4ae0 <std::string::_Rep::_S_empty_rep_storage@@GLIBCXX_3.4>, _M_left = 0xb679220e <std::string::_M_mutate(unsigned int, unsigned int, unsigned int)+30>, _M_right = 0xb667e420 <main_arena>}, _M_node_count = 17}}}}}
        songs = {<boost::noncopyable_::noncopyable> = {<No data fields>}, m_songlist = {static npos = <optimized out>, _M_dataplus = {<std::allocator<char>> = {<__gnu_cxx::new_allocator<char>> = {<No data fields>}, <No data fields>}, _M_p = 0xbfffee1c "\004\324$\b\267\246T\266"}}, m_songs = {<std::_Vector_base<boost::shared_ptr<Song>, std::allocator<boost::shared_ptr<Song> > >> = {_M_impl = {<std::allocator<boost::shared_ptr<Song> >> = {<__gnu_cxx::new_allocator<boost::shared_ptr<Song> >> = {<No data fields>}, <No data fields>}, _M_start = 0xb667e000, _M_finish = 0xb667e420 <main_arena>, _M_end_of_storage = 0xbffff0c0}}, <No data fields>}, m_filtered = {<std::_Vector_base<boost::shared_ptr<Song>, std::allocator<boost::shared_ptr<Song> > >> = {_M_impl = {<std::allocator<boost::shared_ptr<Song> >> = {<__gnu_cxx::new_allocator<boost::shared_ptr<Song> >> = {<No data fields>}, <No data fields>}, _M_start = 0x6, _M_finish = 0xb654a708 <__GI___libc_malloc+88>, _M_end_of_storage = 0x1}}, <No data fields>}, m_updateTimer = {m_value = -1.3077570715715914e-46, m_target = -5.6520580795311472e-47, m_rate = 4.183055153612854e-313, m_time = {sec = 84665366711, nsec = -1073746284}}, math_cover = {m_target = 3221221008, m_songs = 3085025536, m_position = 1.424460625358e-313, m_velocity = -3.0995530318566569e-46, m_marginLeft = -1.99627685546875, m_marginRight = -2.0630264791578991e-46, m_time = {sec = -5305217206873751552, nsec = -1208754176}}, m_filter = {static npos = <optimized out>, _M_dataplus = {<std::allocator<char>> = {<__gnu_cxx::new_allocator<char>> = {<No data fields>}, <No data fields>}, _M_p = 0xb7e90ee4 <char* std::string::_S_construct<char const*>(char const*, char const*, std::allocator<char> const&, std::forward_iterator_tag)+164> "\213T$\f묍\266"}}, m_database = @0x824d404, m_type = 135968523, m_order = -1233367040, m_dirty = 139, m_loading = 33, m_thread = {px = 0x824d3f8}, m_mutex = {m = {__data = {__lock = 136645916, __count = 3061593708, __owner = -1233367040, __kind = 135968523, __nusers = 3221221568, {d = {__espins = 20480, __elision = -18820}, __list = {__next = 0xb67c5000}}}, __size = "\034\r%\bl6|\266\000P|\266\v\267\032\b\300\360\377\277\000P|\266", __align = 136645916}}}
#5  0x08099f85 in main (argc=1, argv=0xbffff1d4) at /home/xbmc/git/performous/game/main.cc:392
        opt1 = {static m_default_line_length = 80, m_caption = {static npos = <optimized out>, _M_dataplus = {<std::allocator<char>> = {<__gnu_cxx::new_allocator<char>> = {<No data fields>}, <No data fields>}, _M_p = 0x8245bf4 "Generic options"}}, m_line_length = 80, m_min_description_length = 40, m_options = {<std::_Vector_base<boost::shared_ptr<boost::program_options::option_description>, std::allocator<boost::shared_ptr<boost::program_options::option_description> > >> = {_M_impl = {<std::allocator<boost::shared_ptr<boost::program_options::option_description> >> = {<__gnu_cxx::new_allocator<boost::shared_ptr<boost::program_options::option_description> >> = {<No data fields>}, <No data fields>}, _M_start = 0x8245ec8, _M_finish = 0x8245ee8, _M_end_of_storage = 0x8245ee8}}, <No data fields>}, belong_to_group = {<std::_Bvector_base<std::allocator<bool> >> = {_M_impl = {<std::allocator<unsigned long>> = {<__gnu_cxx::new_allocator<unsigned long>> = {<No data fields>}, <No data fields>}, _M_start = {<std::_Bit_iterator_base> = {<std::iterator<std::random_access_iterator_tag, bool, int, bool*, bool&>> = {<No data fields>}, _M_p = 0x82138f8, _M_offset = 0}, <No data fields>}, _M_finish = {<std::_Bit_iterator_base> = {<std::iterator<std::random_access_iterator_tag, bool, int, bool*, bool&>> = {<No data fields>}, _M_p = 0x82138f8, _M_offset = 4}, <No data fields>}, _M_end_of_storage = 0x82138fc}}, <No data fields>}, groups = {<std::_Vector_base<boost::shared_ptr<boost::program_options::options_description>, std::allocator<boost::shared_ptr<boost::program_options::options_description> > >> = {_M_impl = {<std::allocator<boost::shared_ptr<boost::program_options::options_description> >> = {<__gnu_cxx::new_allocator<boost::shared_ptr<boost::program_options::options_description> >> = {<No data fields>}, <No data fields>}, _M_start = 0x0, _M_finish = 0x0, _M_end_of_storage = 0x0}}, <No data fields>}}
        p = {m_names = {<std::_Vector_base<std::basic_string<char, std::char_traits<char>, std::allocator<char> >, std::allocator<std::basic_string<char, std::char_traits<char>, std::allocator<char> > > >> = {_M_impl = {<std::allocator<std::basic_string<char, std::char_traits<char>, std::allocator<char> > >> = {<__gnu_cxx::new_allocator<std::basic_string<char, std::char_traits<char>, std::allocator<char> > >> = {<No data fields>}, <No data fields>}, _M_start = 0x0, _M_finish = 0x0, _M_end_of_storage = 0x0}}, <No data fields>}, m_trailing = {static npos = <optimized out>, _M_dataplus = {<std::allocator<char>> = {<__gnu_cxx::new_allocator<char>> = {<No data fields>}, <No data fields>}, _M_p = 0x82462a4 "songdir"}}}
        logger = {<No data fields>}
        devices = {<std::_Vector_base<std::basic_string<char, std::char_traits<char>, std::allocator<char> >, std::allocator<std::basic_string<char, std::char_traits<char>, std::allocator<char> > > >> = {_M_impl = {<std::allocator<std::basic_string<char, std::char_traits<char>, std::allocator<char> > >> = {<__gnu_cxx::new_allocator<std::basic_string<char, std::char_traits<char>, std::allocator<char> > >> = {<No data fields>}, <No data fields>}, _M_start = 0x0, _M_finish = 0x0, _M_end_of_storage = 0x0}}, <No data fields>}
        songdirs = {<std::_Vector_base<std::basic_string<char, std::char_traits<char>, std::allocator<char> >, std::allocator<std::basic_string<char, std::char_traits<char>, std::allocator<char> > > >> = {_M_impl = {<std::allocator<std::basic_string<char, std::char_traits<char>, std::allocator<char> > >> = {<__gnu_cxx::new_allocator<std::basic_string<char, std::char_traits<char>, std::allocator<char> > >> = {<No data fields>}, <No data fields>}, _M_start = 0x0, _M_finish = 0x0, _M_end_of_storage = 0x0}}, <No data fields>}
        opt2 = {static m_default_line_length = 80, m_caption = {static npos = <optimized out>, _M_dataplus = {<std::allocator<char>> = {<__gnu_cxx::new_allocator<char>> = {<No data fields>}, <No data fields>}, _M_p = 0x8245f74 "Configuration options"}}, m_line_length = 80, m_min_description_length = 40, m_options = {<std::_Vector_base<boost::shared_ptr<boost::program_options::option_description>, std::allocator<boost::shared_ptr<boost::program_options::option_description> > >> = {_M_impl = {<std::allocator<boost::shared_ptr<boost::program_options::option_description> >> = {<__gnu_cxx::new_allocator<boost::shared_ptr<boost::program_options::option_description> >> = {<No data fields>}, <No data fields>}, _M_start = 0x82461c0, _M_finish = 0x82461d8, _M_end_of_storage = 0x82461e0}}, <No data fields>}, belong_to_group = {<std::_Bvector_base<std::allocator<bool> >> = {_M_impl = {<std::allocator<unsigned long>> = {<__gnu_cxx::new_allocator<unsigned long>> = {<No data fields>}, <No data fields>}, _M_start = {<std::_Bit_iterator_base> = {<std::iterator<std::random_access_iterator_tag, bool, int, bool*, bool&>> = {<No data fields>}, _M_p = 0x8213a08, _M_offset = 0}, <No data fields>}, _M_finish = {<std::_Bit_iterator_base> = {<std::iterator<std::random_access_iterator_tag, bool, int, bool*, bool&>> = {<No data fields>}, _M_p = 0x8213a08, _M_offset = 3}, <No data fields>}, _M_end_of_storage = 0x8213a0c}}, <No data fields>}, groups = {<std::_Vector_base<boost::shared_ptr<boost::program_options::options_description>, std::allocator<boost::shared_ptr<boost::program_options::options_description> > >> = {_M_impl = {<std::allocator<boost::shared_ptr<boost::program_options::options_description> >> = {<__gnu_cxx::new_allocator<boost::shared_ptr<boost::program_options::options_description> >> = {<No data fields>}, <No data fields>}, _M_start = 0x0, _M_finish = 0x0, _M_end_of_storage = 0x0}}, <No data fields>}}
        cmdline = {static m_default_line_length = 80, m_caption = {static npos = <optimized out>, _M_dataplus = {<std::allocator<char>> = {<__gnu_cxx::new_allocator<char>> = {<No data fields>}, <No data fields>}, _M_p = 0x81e4aec <std::string::_Rep::_S_empty_rep_storage@@GLIBCXX_3.4+12> ""}}, m_line_length = 80, m_min_description_length = 40, m_options = {<std::_Vector_base<boost::shared_ptr<boost::program_options::option_description>, std::allocator<boost::shared_ptr<boost::program_options::option_description> > >> = {_M_impl = {<std::allocator<boost::shared_ptr<boost::program_options::option_description> >> = {<__gnu_cxx::new_allocator<boost::shared_ptr<boost::program_options::option_description> >> = {<No data fields>}, <No data fields>}, _M_start = 0x82463e8, _M_finish = 0x8246420, _M_end_of_storage = 0x8246428}}, <No data fields>}, belong_to_group = {<std::_Bvector_base<std::allocator<bool> >> = {_M_impl = {<std::allocator<unsigned long>> = {<__gnu_cxx::new_allocator<unsigned long>> = {<No data fields>}, <No data fields>}, _M_start = {<std::_Bit_iterator_base> = {<std::iterator<std::random_access_iterator_tag, bool, int, bool*, bool&>> = {<No data fields>}, _M_p = 0x8213dd8, _M_offset = 0}, <No data fields>}, _M_finish = {<std::_Bit_iterator_base> = {<std::iterator<std::random_access_iterator_tag, bool, int, bool*, bool&>> = {<No data fields>}, _M_p = 0x8213dd8, _M_offset = 7}, <No data fields>}, _M_end_of_storage = 0x8213ddc}}, <No data fields>}, groups = {<std::_Vector_base<boost::shared_ptr<boost::program_options::options_description>, std::allocator<boost::shared_ptr<boost::program_options::options_description> > >> = {_M_impl = {<std::allocator<boost::shared_ptr<boost::program_options::options_description> >> = {<__gnu_cxx::new_allocator<boost::shared_ptr<boost::program_options::options_description> >> = {<No data fields>}, <No data fields>}, _M_start = 0x82463d0, _M_finish = 0x82463e0, _M_end_of_storage = 0x82463e0}}, <No data fields>}}
        vm = <incomplete type>
        songlist = {static npos = <optimized out>, _M_dataplus = {<std::allocator<char>> = {<__gnu_cxx::new_allocator<char>> = {<No data fields>}, <No data fields>}, _M_p = 0x81e4aec <std::string::_Rep::_S_empty_rep_storage@@GLIBCXX_3.4+12> ""}}
        loglevel = {static npos = <optimized out>, _M_dataplus = {<std::allocator<char>> = {<__gnu_cxx::new_allocator<char>> = {<No data fields>}, <No data fields>}, _M_p = 0x81e4aec <std::string::_Rep::_S_empty_rep_storage@@GLIBCXX_3.4+12> ""}}
        opt3 = {static m_default_line_length = 80, m_caption = {static npos = <optimized out>, _M_dataplus = {<std::allocator<char>> = {<__gnu_cxx::new_allocator<char>> = {<No data fields>}, <No data fields>}, _M_p = 0x82461f4 "Hidden options"}}, m_line_length = 80, m_min_description_length = 40, m_options = {<std::_Vector_base<boost::shared_ptr<boost::program_options::option_description>, std::allocator<boost::shared_ptr<boost::program_options::option_description> > >> = {_M_impl = {<std::allocator<boost::shared_ptr<boost::program_options::option_description> >> = {<__gnu_cxx::new_allocator<boost::shared_ptr<boost::program_options::option_description> >> = {<No data fields>}, <No data fields>}, _M_start = 0x8213b18, _M_finish = 0x8213b20, _M_end_of_storage = 0x8213b20}}, <No data fields>}, belong_to_group = {<std::_Bvector_base<std::allocator<bool> >> = {_M_impl = {<std::allocator<unsigned long>> = {<__gnu_cxx::new_allocator<unsigned long>> = {<No data fields>}, <No data fields>}, _M_start = {<std::_Bit_iterator_base> = {<std::iterator<std::random_access_iterator_tag, bool, int, bool*, bool&>> = {<No data fields>}, _M_p = 0x8213ba0, _M_offset = 0}, <No data fields>}, _M_finish = {<std::_Bit_iterator_base> = {<std::iterator<std::random_access_iterator_tag, bool, int, bool*, bool&>> = {<No data fields>}, _M_p = 0x8213ba0, _M_offset = 1}, <No data fields>}, _M_end_of_storage = 0x8213ba4}}, <No data fields>}, groups = {<std::_Vector_base<boost::shared_ptr<boost::program_options::options_description>, std::allocator<boost::shared_ptr<boost::program_options::options_description> > >> = {_M_impl = {<std::allocator<boost::shared_ptr<boost::program_options::options_description> >> = {<__gnu_cxx::new_allocator<boost::shared_ptr<boost::program_options::options_description> >> = {<No data fields>}, <No data fields>}, _M_start = 0x0, _M_finish = 0x0, _M_end_of_storage = 0x0}}, <No data fields>}}
(gdb) info registers
eax            0xb794d000	-1214984192
ecx            0xae897000	-1366724608
edx            0x0	0
ebx            0x0	0
esp            0x86b13c0	0x86b13c0
ebp            0xbfffe3f8	0xbfffe3f8
esi            0xbfffe454	-1073748908
edi            0xbfffe3c0	-1073749056
eip            0x819c205	0x819c205 <Shader::dumpInfoLog(unsigned int)+69>
eflags         0x210206	[ PF IF RF ID ]
cs             0x73	115
ss             0x7b	123
ds             0x7b	123
es             0x7b	123
fs             0x0	0
gs             0x33	51
(gdb) x/16i $pc
=> 0x819c205 <Shader::dumpInfoLog(unsigned int)+69>:	mov    %ebx,(%esp)
   0x819c208 <Shader::dumpInfoLog(unsigned int)+72>:	lea    0x10(%esp),%esi
   0x819c20c <Shader::dumpInfoLog(unsigned int)+76>:	call   *0x81e48a0
   0x819c212 <Shader::dumpInfoLog(unsigned int)+82>:	mov    %esi,0xc(%esp)
   0x819c216 <Shader::dumpInfoLog(unsigned int)+86>:	test   %al,%al
   0x819c218 <Shader::dumpInfoLog(unsigned int)+88>:	lea    -0x1c(%ebp),%eax
   0x819c21b <Shader::dumpInfoLog(unsigned int)+91>:	mov    %eax,0x8(%esp)
   0x819c21f <Shader::dumpInfoLog(unsigned int)+95>:	mov    -0x20(%ebp),%eax
   0x819c222 <Shader::dumpInfoLog(unsigned int)+98>:	mov    %ebx,(%esp)
   0x819c225 <Shader::dumpInfoLog(unsigned int)+101>:	mov    %eax,0x4(%esp)
   0x819c229 <Shader::dumpInfoLog(unsigned int)+105>:	je     0x819c260 <Shader::dumpInfoLog(unsigned int)+160>
   0x819c22b <Shader::dumpInfoLog(unsigned int)+107>:	call   *0x81e5190
   0x819c231 <Shader::dumpInfoLog(unsigned int)+113>:	mov    -0x1c(%ebp),%eax
   0x819c234 <Shader::dumpInfoLog(unsigned int)+116>:	movl   $0x81b1b4c,0x4(%esp)
   0x819c23c <Shader::dumpInfoLog(unsigned int)+124>:	mov    %esi,(%esp)
   0x819c23f <Shader::dumpInfoLog(unsigned int)+127>:	mov    %eax,0x8(%esp)
(gdb) thread apply all backg[Ktrace

Thread 9 (Thread 0xaf5a6b40 (LWP 2476)):
#0  0xb7fdd428 in __kernel_vsyscall ()
#1  0xb65b0c8b in poll () at ../sysdeps/unix/syscall-template.S:81
#2  0xb6a87689 in ?? () from /usr/lib/i386-linux-gnu/libportaudio.so.2
#3  0xb6a88310 in ?? () from /usr/lib/i386-linux-gnu/libportaudio.so.2
#4  0xb7e18f70 in start_thread (arg=0xaf5a6b40) at pthread_create.c:312
#5  0xb65bfbee in clone () at ../sysdeps/unix/sysv/linux/i386/clone.S:129

Thread 8 (Thread 0xab5d2b40 (LWP 2475)):
#0  0xb7fdd428 in __kernel_vsyscall ()
#1  0xb65b0c8b in poll () at ../sysdeps/unix/syscall-template.S:81
#2  0xb6a87689 in ?? () from /usr/lib/i386-linux-gnu/libportaudio.so.2
#3  0xb6a88310 in ?? () from /usr/lib/i386-linux-gnu/libportaudio.so.2
#4  0xb7e18f70 in start_thread (arg=0xab5d2b40) at pthread_create.c:312
#5  0xb65bfbee in clone () at ../sysdeps/unix/sysv/linux/i386/clone.S:129

Thread 2 (Thread 0xb004ab40 (LWP 2469)):
#0  0xb7fdd428 in __kernel_vsyscall ()
#1  0xb65b0c8b in poll () at ../sysdeps/unix/syscall-template.S:81
#2  0xb02ea442 in ?? () from /lib/i386-linux-gnu/libusb-1.0.so.0
#3  0xb7e18f70 in start_thread (arg=0xb004ab40) at pthread_create.c:312
#4  0xb65bfbee in clone () at ../sysdeps/unix/sysv/linux/i386/clone.S:129

Thread 1 (Thread 0xb007f900 (LWP 2464)):
#0  Shader::dumpInfoLog (this=this@entry=0x835e500, id=0) at /home/xbmc/git/performous/game/glshader.cc:35
#1  0x0819e028 in Shader::compileCode (this=this@entry=0x835e500, srccode=..., type=type@entry=36313) at /home/xbmc/git/performous/game/glshader.cc:85
#2  0x0819f620 in Shader::compileFile (this=0x835e500, filename=...) at /home/xbmc/git/performous/game/glshader.cc:67
#3  0x081297c5 in Window::Window (this=0xbfffe98c, width=<optimized out>, height=<optimized out>, fs=true) at /home/xbmc/git/performous/game/video_driver.cc:98
#4  0x0811cb21 in mainLoop (songlist=...) at /home/xbmc/git/performous/game/main.cc:142
#5  0x08099f85 in main (argc=1, argv=0xbffff1d4) at /home/xbmc/git/performous/game/main.cc:392
(gdb) quit
A debugging session is active.

	Inferior 1 [process 2464] will be killed.

Quit anyway? (y or n)

**Comment by parkragsterman** [comment]
here's also the bt command output you asked for:

GNU gdb (Ubuntu 7.7.1-0ubuntu5~14.04.2) 7.7.1
Copyright (C) 2014 Free Software Foundation, Inc.
License GPLv3+: GNU GPL version 3 or later <http://gnu.org/licenses/gpl.html>
This is free software: you are free to change and redistribute it.
There is NO WARRANTY, to the extent permitted by law.  Type "show copying"
and "show warranty" for details.
This GDB was configured as "i686-linux-gnu".
Type "show configuration" for configuration details.
For bug reporting instructions, please see:
<http://www.gnu.org/software/gdb/bugs/>.
Find the GDB manual and other documentation resources online at:
<http://www.gnu.org/software/gdb/documentation/>.
For help, type "help".
Type "apropos word" to search for commands related to "word"...
Reading symbols from performous...done.
(gdb) handle SIG33 pass nostop noprint
Signal        Stop	Print	Pass to program	Description
SIG33         No	No	Yes		Real-time event 33
(gdb) set pagination 0
(gdb) run
Starting program: /usr/local/bin/performous 
[Thread debugging using libthread_db enabled]
Using host libthread_db library "/lib/i386-linux-gnu/libthread_db.so.1".
Traceback (most recent call last):
  File "/usr/share/gdb/auto-load/usr/lib/i386-linux-gnu/libstdc++.so.6.0.19-gdb.py", line 63, in <module>
    from libstdcxx.v6.printers import register_libstdcxx_printers
ImportError: No module named 'libstdcxx'
logger/notice: Logging all notices, warnings and errors. Log file: /home/xbmc/.cache/performous/infolog.txt
core/notice: Performous 1.0-84-ge377f9f starting...
  Build date:           Jun 19 2015
  Internationalization: Enabled
  MIDI Hardware I/O:    Enabled
  Webcam support:       Enabled
core/notice: Starting the audio subsystem (errors printed on console may be ignored).
[New Thread 0xb004ab40 (LWP 2469)]
ALSA lib pcm.c:2239:(snd_pcm_open_noupdate) Unknown PCM cards.pcm.rear
ALSA lib pcm.c:2239:(snd_pcm_open_noupdate) Unknown PCM cards.pcm.center_lfe
ALSA lib pcm.c:2239:(snd_pcm_open_noupdate) Unknown PCM cards.pcm.side
[New Thread 0xab5d2b40 (LWP 2470)]
[Thread 0xab5d2b40 (LWP 2470) exited]
[New Thread 0xab5d2b40 (LWP 2471)]
[Thread 0xab5d2b40 (LWP 2471) exited]
bt_audio_service_open: connect() failed: Connection refused (111)
bt_audio_service_open: connect() failed: Connection refused (111)
bt_audio_service_open: connect() failed: Connection refused (111)
bt_audio_service_open: connect() failed: Connection refused (111)
[New Thread 0xab5d2b40 (LWP 2472)]
[Thread 0xab5d2b40 (LWP 2472) exited]
[New Thread 0xab5d2b40 (LWP 2473)]
[Thread 0xab5d2b40 (LWP 2473) exited]
[New Thread 0xab5d2b40 (LWP 2474)]
[Thread 0xab5d2b40 (LWP 2474) exited]
[New Thread 0xab5d2b40 (LWP 2475)]
[New Thread 0xaf5a6b40 (LWP 2476)]

Program received signal SIGSEGV, Segmentation fault.
Shader::dumpInfoLog (this=this@entry=0x835e500, id=0) at /home/xbmc/git/performous/game/glshader.cc:35
35		if (glIsShader(id)) glGetShaderInfoLog(id, maxLength, &infoLogLength, infoLog);
(gdb) backtrace full
#0  Shader::dumpInfoLog (this=this@entry=0x835e500, id=0) at /home/xbmc/git/performous/game/glshader.cc:35
        maxLength = -1214984192
        infoLog = <optimized out>
        infoLogLength = 0
#1  0x0819e028 in Shader::compileCode (this=this@entry=0x835e500, srccode=..., type=type@entry=36313) at /home/xbmc/git/performous/game/glshader.cc:85
        ec = {info = {static npos = <optimized out>, _M_dataplus = {<std::allocator<char>> = {<__gnu_cxx::new_allocator<char>> = {<No data fields>}, <No data fields>}, _M_p = 0x835e34c "Shader::compile"}}}
        new_shader = 0
        source = 0x8362064 "#version 330\n#extension GL_ARB_viewport_array : require\n\nuniform float sepFactor;\nuniform float z0;\n\nlayout(triangles) in;\nlayout(triangle_strip, max_vertices = 6) out;\n\nin vec3 vLightDir[];\nin vec2 v"...
#2  0x0819f620 in Shader::compileFile (this=0x835e500, filename=...) at /home/xbmc/git/performous/game/glshader.cc:67
        ext = {static preferred_separator = 47 '/', m_pathname = {static npos = <optimized out>, _M_dataplus = {<std::allocator<char>> = {<__gnu_cxx::new_allocator<char>> = {<No data fields>}, <No data fields>}, _M_p = 0x835e3fc ".geom"}}}
        type = 36313
        srccode = {static npos = <optimized out>, _M_dataplus = {<std::allocator<char>> = {<__gnu_cxx::new_allocator<char>> = {<No data fields>}, <No data fields>}, _M_p = 0x8362064 "#version 330\n#extension GL_ARB_viewport_array : require\n\nuniform float sepFactor;\nuniform float z0;\n\nlayout(triangles) in;\nlayout(triangle_strip, max_vertices = 6) out;\n\nin vec3 vLightDir[];\nin vec2 v"...}}
#3  0x081297c5 in Window::Window (this=0xbfffe98c, width=<optimized out>, height=<optimized out>, fs=true) at /home/xbmc/git/performous/game/video_driver.cc:98
No locals.
#4  0x0811cb21 in mainLoop (songlist=...) at /home/xbmc/git/performous/game/main.cc:142
        window = {m_windowW = 1024, m_windowH = 600, m_fullscreen = true, m_shaders = {<boost::ptr_map_adapter<Shader, std::map<std::basic_string<char, std::char_traits<char>, std::allocator<char> >, void*, std::less<std::basic_string<char, std::char_traits<char>, std::allocator<char> > >, std::allocator<std::pair<std::basic_string<char, std::char_traits<char>, std::allocator<char> > const, void*> > >, boost::heap_clone_allocator, true>> = {<boost::ptr_container_detail::ptr_map_adapter_base<Shader, std::map<std::basic_string<char, std::char_traits<char>, std::allocator<char> >, void*, std::less<std::basic_string<char, std::char_traits<char>, std::allocator<char> > >, std::allocator<std::pair<std::basic_string<char, std::char_traits<char>, std::allocator<char> > const, void*> > >, boost::heap_clone_allocator, true>> = {<boost::ptr_container_detail::associative_ptr_container<boost::ptr_container_detail::map_config<Shader, std::map<std::basic_string<char, std::char_traits<char>, std::allocator<char> >, void*, std::less<std::basic_string<char, std::char_traits<char>, std::allocator<char> > >, std::allocator<std::pair<std::basic_string<char, std::char_traits<char>, std::allocator<char> > const, void*> > >, true>, boost::heap_clone_allocator>> = {<boost::ptr_container_detail::reversible_ptr_container<boost::ptr_container_detail::map_config<Shader, std::map<std::basic_string<char, std::char_traits<char>, std::allocator<char> >, void*, std::less<std::basic_string<char, std::char_traits<char>, std::allocator<char> > >, std::allocator<std::pair<std::basic_string<char, std::char_traits<char>, std::allocator<char> > const, void*> > >, true>, boost::heap_clone_allocator>> = {static allow_null = false, c_ = {_M_t = {_M_impl = {<std::allocator<std::_Rb_tree_node<std::pair<std::basic_string<char, std::char_traits<char>, std::allocator<char> > const, void*> > >> = {<__gnu_cxx::new_allocator<std::_Rb_tree_node<std::pair<std::basic_string<char, std::char_traits<char>, std::allocator<char> > const, void*> > >> = {<No data fields>}, <No data fields>}, _M_key_compare = {<std::binary_function<std::basic_string<char, std::char_traits<char>, std::allocator<char> >, std::basic_string<char, std::char_traits<char>, std::allocator<char> >, bool>> = {<No data fields>}, <No data fields>}, _M_header = {_M_color = std::_S_red, _M_parent = 0x835e320, _M_left = 0x835e320, _M_right = 0x835e320}, _M_node_count = 1}}}}, <No data fields>}, <No data fields>}, <No data fields>}, <No data fields>}, screen = 0x83756d8}
        backgrounds = {<boost::noncopyable_::noncopyable> = {<No data fields>}, m_bgs = {<std::_Vector_base<std::basic_string<char, std::char_traits<char>, std::allocator<char> >, std::allocator<std::basic_string<char, std::char_traits<char>, std::allocator<char> > > >> = {_M_impl = {<std::allocator<std::basic_string<char, std::char_traits<char>, std::allocator<char> > >> = {<__gnu_cxx::new_allocator<std::basic_string<char, std::char_traits<char>, std::allocator<char> > >> = {<No data fields>}, <No data fields>}, _M_start = 0x0, _M_finish = 0xbfffee98, _M_end_of_storage = 0x1}}, <No data fields>}, m_bgiter = -1233987537, m_dirty = false, m_loading = false, m_thread = {px = 0x1}, m_mutex = {m = {__data = {__lock = 24, __count = 135778784, __owner = 136631300, __kind = 136635092, __nusers = 19, {d = {__espins = 20480, __elision = -18820}, __list = {__next = 0xb67c5000}}}, __size = "\030\000\000\000\340\321\027\b\004\324$\b\324\342$\b\023\000\000\000\000P|\266", __align = 24}}}
        gm = {<Singleton<Game>> = {static ms_Singleton = 0x0}, m_window = @0xb7e3264c, controllers = {<boost::noncopyable_::noncopyable> = {<No data fields>}, self = {px = 0xb7e32e3c}}, m_finished = 190, screens = {<boost::ptr_map_adapter<Screen, std::map<std::basic_string<char, std::char_traits<char>, std::allocator<char> >, void*, std::less<std::basic_string<char, std::char_traits<char>, std::allocator<char> > >, std::allocator<std::pair<std::basic_string<char, std::char_traits<char>, std::allocator<char> > const, void*> > >, boost::heap_clone_allocator, true>> = {<boost::ptr_container_detail::ptr_map_adapter_base<Screen, std::map<std::basic_string<char, std::char_traits<char>, std::allocator<char> >, void*, std::less<std::basic_string<char, std::char_traits<char>, std::allocator<char> > >, std::allocator<std::pair<std::basic_string<char, std::char_traits<char>, std::allocator<char> > const, void*> > >, boost::heap_clone_allocator, true>> = {<boost::ptr_container_detail::associative_ptr_container<boost::ptr_container_detail::map_config<Screen, std::map<std::basic_string<char, std::char_traits<char>, std::allocator<char> >, void*, std::less<std::basic_string<char, std::char_traits<char>, std::allocator<char> > >, std::allocator<std::pair<std::basic_string<char, std::char_traits<char>, std::allocator<char> > const, void*> > >, true>, boost::heap_clone_allocator>> = {<boost::ptr_container_detail::reversible_ptr_container<boost::ptr_container_detail::map_config<Screen, std::map<std::basic_string<char, std::char_traits<char>, std::allocator<char> >, void*, std::less<std::basic_string<char, std::char_traits<char>, std::allocator<char> > >, std::allocator<std::pair<std::basic_string<char, std::char_traits<char>, std::allocator<char> > const, void*> > >, true>, boost::heap_clone_allocator>> = {static allow_null = false, c_ = {_M_t = {_M_impl = {<std::allocator<std::_Rb_tree_node<std::pair<std::basic_string<char, std::char_traits<char>, std::allocator<char> > const, void*> > >> = {<__gnu_cxx::new_allocator<std::_Rb_tree_node<std::pair<std::basic_string<char, std::char_traits<char>, std::allocator<char> > const, void*> > >> = {<No data fields>}, <No data fields>}, _M_key_compare = {<std::binary_function<std::basic_string<char, std::char_traits<char>, std::allocator<char> >, std::basic_string<char, std::char_traits<char>, std::allocator<char> >, bool>> = {<No data fields>}, <No data fields>}, _M_header = {_M_color = (unknown: 3058532040), _M_parent = 0xb64d9688, _M_left = 0xb7fff000, _M_right = 0xbfffec84}, _M_node_count = 3086218416}}}}, <No data fields>}, <No data fields>}, <No data fields>}, <No data fields>}, newScreen = 0x0, currentScreen = 0x0, currentPlaylist = {m_list = {<std::_Vector_base<boost::shared_ptr<Song>, std::allocator<boost::shared_ptr<Song> > >> = {_M_impl = {<std::allocator<boost::shared_ptr<Song> >> = {<__gnu_cxx::new_allocator<boost::shared_ptr<Song> >> = {<No data fields>}, <No data fields>}, _M_start = 0x5, _M_finish = 0x7f, _M_end_of_storage = 0x0}}, <No data fields>}}, m_timeToFadeIn = -2.90809985e-05, m_timeToFadeOut = 4.0452131e-34, m_timeToShow = -2.70861128e-05, m_message = {static npos = <optimized out>, _M_dataplus = {<std::allocator<char>> = {<__gnu_cxx::new_allocator<char>> = {<No data fields>}, <No data fields>}, _M_p = 0x804f320 "\376\270"}}, m_messagePopup = {m_value = -1.9716195443096858e-46, m_target = -1.7600925723074665e-39, m_rate = -1.995304793118521, m_time = {sec = -4611707455817123088, nsec = 2}}, m_textMessage = {dimensions = {m_ar = 4.04969191e-34, m_x = -4.72581269e-06, m_y = -1.99939632, m_w = -3.05101275e-05, m_h = -3.55417069e-06, m_xAnchor = (Dimensions::LEFT | unknown: 28), m_yAnchor = (unknown: 136238536), m_screenAnchor = (unknown: 3086906660)}, m_opengl_text = {<boost::ptr_sequence_adapter<OpenGLText, std::vector<void*, std::allocator<void*> >, boost::heap_clone_allocator>> = {<boost::ptr_container_detail::reversible_ptr_container<boost::ptr_container_detail::sequence_config<OpenGLText, std::vector<void*, std::allocator<void*> > >, boost::heap_clone_allocator>> = {static allow_null = false, c_ = {<std::_Vector_base<void*, std::allocator<void*> >> = {_M_impl = {<std::allocator<void*>> = {<__gnu_cxx::new_allocator<void*>> = {<No data fields>}, <No data fields>}, _M_start = 0x1, _M_finish = 0xb654866c <_int_malloc+12>, _M_end_of_storage = 0x5}}, <No data fields>}}, <No data fields>}, <No data fields>}, m_align = SvgTxtTheme::A_ASIS, m_x = 3.2685466258892924e-312, m_y = 2.2761387695408703e-299, m_width = -1.6785732815904045e-46, m_height = 1.4244174999487845e-313, m_factor = 5.3060511536445681e-270, m_texture_width = 1.5251836170583283e-314, m_texture_height = 1.6975966354895789e-313, m_cache_text = {static npos = <optimized out>, _M_dataplus = {<std::allocator<char>> = {<__gnu_cxx::new_allocator<char>> = {<No data fields>}, <No data fields>}, _M_p = 0x0}}, m_text = {fill_col = {r = 1.0609978954826362e-313, g = -2.6402012306505967e-77, b = 5.3498585758658557e-270, a = 4.9533404078413027e-270}, stroke_col = {r = -1.3077570450010106e-46, g = 7.8785180191588468e-314, b = -1.9954726397982085, a = -1.9954077899453146}, stroke_width = -1.9953314959779882, fontsize = -1.9953384698155361, fontfamily = {static npos = <optimized out>, _M_dataplus = {<std::allocator<char>> = {<__gnu_cxx::new_allocator<char>> = {<No data fields>}, <No data fields>}, _M_p = 0xb7fffa94 "\310\325\036\b\233"}}, fontstyle = {static npos = <optimized out>, _M_dataplus = {<std::allocator<char>> = {<__gnu_cxx::new_allocator<char>> = {<No data fields>}, <No data fields>}, _M_p = 0x0}}, fontweight = {static npos = <optimized out>, _M_dataplus = {<std::allocator<char>> = {<__gnu_cxx::new_allocator<char>> = {<No data fields>}, <No data fields>}, _M_p = 0xb0087508 "\231"}}, fontalign = {static npos = <optimized out>, _M_dataplus = {<std::allocator<char>> = {<__gnu_cxx::new_allocator<char>> = {<No data fields>}, <No data fields>}, _M_p = 0x5 <error: Cannot access memory at address 0x5>}}, text = {static npos = <optimized out>, _M_dataplus = {<std::allocator<char>> = {<__gnu_cxx::new_allocator<char>> = {<No data fields>}, <No data fields>}, _M_p = 0x0}}}, m_text_highlight = {fill_col = {r = -5.8726064458433024e-39, g = -1.9954071044921873, b = -2.0630252794421046e-46, a = 8.9123823220541437e-313}, stroke_col = {r = -5.6175364759160473e-47, g = -1.9953391551960893, b = 5.3498587081566985e-270, a = 1.5251836170583283e-314}, stroke_width = -5.6175363207097689e-47, fontsize = 4.243991581436479e-314, fontfamily = {static npos = <optimized out>, _M_dataplus = {<std::allocator<char>> = {<__gnu_cxx::new_allocator<char>> = {<No data fields>}, <No data fields>}, _M_p = 0x18 <error: Cannot access memory at address 0x18>}}, fontstyle = {static npos = <optimized out>, _M_dataplus = {<std::allocator<char>> = {<__gnu_cxx::new_allocator<char>> = {<No data fields>}, <No data fields>}, _M_p = 0xb69e92e0 ""}}, fontweight = {static npos = <optimized out>, _M_dataplus = {<std::allocator<char>> = {<__gnu_cxx::new_allocator<char>> = {<No data fields>}, <No data fields>}, _M_p = 0xbfffed30 "\220\355\377\277\201\301\376\267\360\372\377\267"}}, fontalign = {static npos = <optimized out>, _M_dataplus = {<std::allocator<char>> = {<__gnu_cxx::new_allocator<char>> = {<No data fields>}, <No data fields>}, _M_p = 0xb65adf32 <___xstat64+34> "\207\323="}}, text = {static npos = <optimized out>, _M_dataplus = {<std::allocator<char>> = {<__gnu_cxx::new_allocator<char>> = {<No data fields>}, <No data fields>}, _M_p = 0x10 <error: Cannot access memory at address 0x10>}}}}, m_loadingProgress = -2.71325425e-05, m_logo = {<OpenGLTexture<3553u>> = {<boost::noncopyable_::noncopyable> = {<No data fields>}, m_id = 1}, dimensions = {m_ar = 0, m_x = 2.24207754e-44, m_y = -3.71328861e-06, m_w = 4.96525875e-34, m_h = -1.99942577, m_xAnchor = (unknown: 4), m_yAnchor = Dimensions::BOTTOM, m_screenAnchor = (unknown: 3221220836)}, tex = {x1 = -3.05101275e-05, y1 = -3.05144204e-05, x2 = -3.16614501e-06, y2 = -1.99943733}, m_width = 3086926209, m_height = 3087006448, m_premultiplied = false, m_texture = {<boost::noncopyable_::noncopyable> = {<No data fields>}, m_id = 3060261920}}, m_logoAnim = {m_value = 7.9574820145632533e-314, m_target = 3.6333431430895933e-314, m_rate = -1.3077570715715914e-46, m_time = {sec = -5308434752794756619, nsec = -1233367040}}, m_dialogTimeOut = {m_value = -2.0769369666169553e-46, m_target = -1.9954977035522496, m_rate = -5.6175333437745923e-47, m_time = {sec = 15945163992, nsec = -1234705376}}, m_dialog = {px = 0xb67c5000}}
        audio = {self = {px = 0x82538a8}}
        m_loader = {<No data fields>}
        database = {cur = {<std::_List_base<Player, std::allocator<Player> >> = {_M_impl = {<std::allocator<std::_List_node<Player> >> = {<__gnu_cxx::new_allocator<std::_List_node<Player> >> = {<No data fields>}, <No data fields>}, _M_node = {_M_next = 0x4, _M_prev = 0x30}}}, <No data fields>}, scores = {<std::_List_base<ScoreItem, std::allocator<ScoreItem> >> = {_M_impl = {<std::allocator<std::_List_node<ScoreItem> >> = {<__gnu_cxx::new_allocator<std::_List_node<ScoreItem> >> = {<No data fields>}, <No data fields>}, _M_node = {_M_next = 0xb65479f5 <_int_free+21>, _M_prev = 0xb667e420 <main_arena>}}}, <No data fields>}, m_filename = {static preferred_separator = 47 '/', m_pathname = {static npos = <optimized out>, _M_dataplus = {<std::allocator<char>> = {<__gnu_cxx::new_allocator<char>> = {<No data fields>}, <No data fields>}, _M_p = 0x1 <error: Cannot access memory at address 0x1>}}}, m_players = {<boost::noncopyable_::noncopyable> = {<No data fields>}, m_players = {_M_t = {_M_impl = {<std::allocator<std::_Rb_tree_node<PlayerItem> >> = {<__gnu_cxx::new_allocator<std::_Rb_tree_node<PlayerItem> >> = {<No data fields>}, <No data fields>}, _M_key_compare = {<std::binary_function<PlayerItem, PlayerItem, bool>> = {<No data fields>}, <No data fields>}, _M_header = {_M_color = (unknown: 3058992748), _M_parent = 0xb667e420 <main_arena>, _M_left = 0x1, _M_right = 0xe}, _M_node_count = 3061600256}}}, m_filtered = {<std::_Vector_base<PlayerItem, std::allocator<PlayerItem> >> = {_M_impl = {<std::allocator<PlayerItem>> = {<__gnu_cxx::new_allocator<PlayerItem>> = {<No data fields>}, <No data fields>}, _M_start = 0x0, _M_finish = 0xa, _M_end_of_storage = 0x0}}, <No data fields>}, m_filter = {static npos = <optimized out>, _M_dataplus = {<std::allocator<char>> = {<__gnu_cxx::new_allocator<char>> = {<No data fields>}, <No data fields>}, _M_p = 0xb672d82f <operator delete(void*)+31> "\203\304\030[\303f\220f\220f\220f\220f\220f\220S\203\354\030\350G\346\377\377\201÷w\t"}}, math_cover = {m_target = 0, m_songs = 1, m_position = -5.6175333437746098e-47, m_velocity = -3.0995529687628457e-46, m_marginLeft = -2.7512554572378918e-46, m_marginRight = 2.1895071302745884e-314, m_time = {sec = -5303023745600847858, nsec = -1233367040}}, m_dirty = 12}, m_hiscores = {m_hiscore = {_M_t = {_M_impl = {<std::allocator<std::_Rb_tree_node<HiscoreItem> >> = {<__gnu_cxx::new_allocator<std::_Rb_tree_node<HiscoreItem> >> = {<No data fields>}, <No data fields>}, _M_key_compare = {<std::binary_function<HiscoreItem, HiscoreItem, bool>> = {<No data fields>}, <No data fields>}, _M_header = {_M_color = (unknown: 3060971370), _M_parent = 0x8250778, _M_left = 0xbfffeacf, _M_right = 0x18}, _M_node_count = 3059001096}}}}, m_songs = {m_songs = {_M_t = {_M_impl = {<std::allocator<std::_Rb_tree_node<SongItem> >> = {<__gnu_cxx::new_allocator<std::_Rb_tree_node<SongItem> >> = {<No data fields>}, <No data fields>}, _M_key_compare = {<std::binary_function<SongItem, SongItem, bool>> = {<No data fields>}, <No data fields>}, _M_header = {_M_color = (unknown: 3061600256), _M_parent = 0x81e4ae0 <std::string::_Rep::_S_empty_rep_storage@@GLIBCXX_3.4>, _M_left = 0xb679220e <std::string::_M_mutate(unsigned int, unsigned int, unsigned int)+30>, _M_right = 0xb667e420 <main_arena>}, _M_node_count = 17}}}}}
        songs = {<boost::noncopyable_::noncopyable> = {<No data fields>}, m_songlist = {static npos = <optimized out>, _M_dataplus = {<std::allocator<char>> = {<__gnu_cxx::new_allocator<char>> = {<No data fields>}, <No data fields>}, _M_p = 0xbfffee1c "\004\324$\b\267\246T\266"}}, m_songs = {<std::_Vector_base<boost::shared_ptr<Song>, std::allocator<boost::shared_ptr<Song> > >> = {_M_impl = {<std::allocator<boost::shared_ptr<Song> >> = {<__gnu_cxx::new_allocator<boost::shared_ptr<Song> >> = {<No data fields>}, <No data fields>}, _M_start = 0xb667e000, _M_finish = 0xb667e420 <main_arena>, _M_end_of_storage = 0xbffff0c0}}, <No data fields>}, m_filtered = {<std::_Vector_base<boost::shared_ptr<Song>, std::allocator<boost::shared_ptr<Song> > >> = {_M_impl = {<std::allocator<boost::shared_ptr<Song> >> = {<__gnu_cxx::new_allocator<boost::shared_ptr<Song> >> = {<No data fields>}, <No data fields>}, _M_start = 0x6, _M_finish = 0xb654a708 <__GI___libc_malloc+88>, _M_end_of_storage = 0x1}}, <No data fields>}, m_updateTimer = {m_value = -1.3077570715715914e-46, m_target = -5.6520580795311472e-47, m_rate = 4.183055153612854e-313, m_time = {sec = 84665366711, nsec = -1073746284}}, math_cover = {m_target = 3221221008, m_songs = 3085025536, m_position = 1.424460625358e-313, m_velocity = -3.0995530318566569e-46, m_marginLeft = -1.99627685546875, m_marginRight = -2.0630264791578991e-46, m_time = {sec = -5305217206873751552, nsec = -1208754176}}, m_filter = {static npos = <optimized out>, _M_dataplus = {<std::allocator<char>> = {<__gnu_cxx::new_allocator<char>> = {<No data fields>}, <No data fields>}, _M_p = 0xb7e90ee4 <char* std::string::_S_construct<char const*>(char const*, char const*, std::allocator<char> const&, std::forward_iterator_tag)+164> "\213T$\f묍\266"}}, m_database = @0x824d404, m_type = 135968523, m_order = -1233367040, m_dirty = 139, m_loading = 33, m_thread = {px = 0x824d3f8}, m_mutex = {m = {__data = {__lock = 136645916, __count = 3061593708, __owner = -1233367040, __kind = 135968523, __nusers = 3221221568, {d = {__espins = 20480, __elision = -18820}, __list = {__next = 0xb67c5000}}}, __size = "\034\r%\bl6|\266\000P|\266\v\267\032\b\300\360\377\277\000P|\266", __align = 136645916}}}
#5  0x08099f85 in main (argc=1, argv=0xbffff1d4) at /home/xbmc/git/performous/game/main.cc:392
        opt1 = {static m_default_line_length = 80, m_caption = {static npos = <optimized out>, _M_dataplus = {<std::allocator<char>> = {<__gnu_cxx::new_allocator<char>> = {<No data fields>}, <No data fields>}, _M_p = 0x8245bf4 "Generic options"}}, m_line_length = 80, m_min_description_length = 40, m_options = {<std::_Vector_base<boost::shared_ptr<boost::program_options::option_description>, std::allocator<boost::shared_ptr<boost::program_options::option_description> > >> = {_M_impl = {<std::allocator<boost::shared_ptr<boost::program_options::option_description> >> = {<__gnu_cxx::new_allocator<boost::shared_ptr<boost::program_options::option_description> >> = {<No data fields>}, <No data fields>}, _M_start = 0x8245ec8, _M_finish = 0x8245ee8, _M_end_of_storage = 0x8245ee8}}, <No data fields>}, belong_to_group = {<std::_Bvector_base<std::allocator<bool> >> = {_M_impl = {<std::allocator<unsigned long>> = {<__gnu_cxx::new_allocator<unsigned long>> = {<No data fields>}, <No data fields>}, _M_start = {<std::_Bit_iterator_base> = {<std::iterator<std::random_access_iterator_tag, bool, int, bool*, bool&>> = {<No data fields>}, _M_p = 0x82138f8, _M_offset = 0}, <No data fields>}, _M_finish = {<std::_Bit_iterator_base> = {<std::iterator<std::random_access_iterator_tag, bool, int, bool*, bool&>> = {<No data fields>}, _M_p = 0x82138f8, _M_offset = 4}, <No data fields>}, _M_end_of_storage = 0x82138fc}}, <No data fields>}, groups = {<std::_Vector_base<boost::shared_ptr<boost::program_options::options_description>, std::allocator<boost::shared_ptr<boost::program_options::options_description> > >> = {_M_impl = {<std::allocator<boost::shared_ptr<boost::program_options::options_description> >> = {<__gnu_cxx::new_allocator<boost::shared_ptr<boost::program_options::options_description> >> = {<No data fields>}, <No data fields>}, _M_start = 0x0, _M_finish = 0x0, _M_end_of_storage = 0x0}}, <No data fields>}}
        p = {m_names = {<std::_Vector_base<std::basic_string<char, std::char_traits<char>, std::allocator<char> >, std::allocator<std::basic_string<char, std::char_traits<char>, std::allocator<char> > > >> = {_M_impl = {<std::allocator<std::basic_string<char, std::char_traits<char>, std::allocator<char> > >> = {<__gnu_cxx::new_allocator<std::basic_string<char, std::char_traits<char>, std::allocator<char> > >> = {<No data fields>}, <No data fields>}, _M_start = 0x0, _M_finish = 0x0, _M_end_of_storage = 0x0}}, <No data fields>}, m_trailing = {static npos = <optimized out>, _M_dataplus = {<std::allocator<char>> = {<__gnu_cxx::new_allocator<char>> = {<No data fields>}, <No data fields>}, _M_p = 0x82462a4 "songdir"}}}
        logger = {<No data fields>}
        devices = {<std::_Vector_base<std::basic_string<char, std::char_traits<char>, std::allocator<char> >, std::allocator<std::basic_string<char, std::char_traits<char>, std::allocator<char> > > >> = {_M_impl = {<std::allocator<std::basic_string<char, std::char_traits<char>, std::allocator<char> > >> = {<__gnu_cxx::new_allocator<std::basic_string<char, std::char_traits<char>, std::allocator<char> > >> = {<No data fields>}, <No data fields>}, _M_start = 0x0, _M_finish = 0x0, _M_end_of_storage = 0x0}}, <No data fields>}
        songdirs = {<std::_Vector_base<std::basic_string<char, std::char_traits<char>, std::allocator<char> >, std::allocator<std::basic_string<char, std::char_traits<char>, std::allocator<char> > > >> = {_M_impl = {<std::allocator<std::basic_string<char, std::char_traits<char>, std::allocator<char> > >> = {<__gnu_cxx::new_allocator<std::basic_string<char, std::char_traits<char>, std::allocator<char> > >> = {<No data fields>}, <No data fields>}, _M_start = 0x0, _M_finish = 0x0, _M_end_of_storage = 0x0}}, <No data fields>}
        opt2 = {static m_default_line_length = 80, m_caption = {static npos = <optimized out>, _M_dataplus = {<std::allocator<char>> = {<__gnu_cxx::new_allocator<char>> = {<No data fields>}, <No data fields>}, _M_p = 0x8245f74 "Configuration options"}}, m_line_length = 80, m_min_description_length = 40, m_options = {<std::_Vector_base<boost::shared_ptr<boost::program_options::option_description>, std::allocator<boost::shared_ptr<boost::program_options::option_description> > >> = {_M_impl = {<std::allocator<boost::shared_ptr<boost::program_options::option_description> >> = {<__gnu_cxx::new_allocator<boost::shared_ptr<boost::program_options::option_description> >> = {<No data fields>}, <No data fields>}, _M_start = 0x82461c0, _M_finish = 0x82461d8, _M_end_of_storage = 0x82461e0}}, <No data fields>}, belong_to_group = {<std::_Bvector_base<std::allocator<bool> >> = {_M_impl = {<std::allocator<unsigned long>> = {<__gnu_cxx::new_allocator<unsigned long>> = {<No data fields>}, <No data fields>}, _M_start = {<std::_Bit_iterator_base> = {<std::iterator<std::random_access_iterator_tag, bool, int, bool*, bool&>> = {<No data fields>}, _M_p = 0x8213a08, _M_offset = 0}, <No data fields>}, _M_finish = {<std::_Bit_iterator_base> = {<std::iterator<std::random_access_iterator_tag, bool, int, bool*, bool&>> = {<No data fields>}, _M_p = 0x8213a08, _M_offset = 3}, <No data fields>}, _M_end_of_storage = 0x8213a0c}}, <No data fields>}, groups = {<std::_Vector_base<boost::shared_ptr<boost::program_options::options_description>, std::allocator<boost::shared_ptr<boost::program_options::options_description> > >> = {_M_impl = {<std::allocator<boost::shared_ptr<boost::program_options::options_description> >> = {<__gnu_cxx::new_allocator<boost::shared_ptr<boost::program_options::options_description> >> = {<No data fields>}, <No data fields>}, _M_start = 0x0, _M_finish = 0x0, _M_end_of_storage = 0x0}}, <No data fields>}}
        cmdline = {static m_default_line_length = 80, m_caption = {static npos = <optimized out>, _M_dataplus = {<std::allocator<char>> = {<__gnu_cxx::new_allocator<char>> = {<No data fields>}, <No data fields>}, _M_p = 0x81e4aec <std::string::_Rep::_S_empty_rep_storage@@GLIBCXX_3.4+12> ""}}, m_line_length = 80, m_min_description_length = 40, m_options = {<std::_Vector_base<boost::shared_ptr<boost::program_options::option_description>, std::allocator<boost::shared_ptr<boost::program_options::option_description> > >> = {_M_impl = {<std::allocator<boost::shared_ptr<boost::program_options::option_description> >> = {<__gnu_cxx::new_allocator<boost::shared_ptr<boost::program_options::option_description> >> = {<No data fields>}, <No data fields>}, _M_start = 0x82463e8, _M_finish = 0x8246420, _M_end_of_storage = 0x8246428}}, <No data fields>}, belong_to_group = {<std::_Bvector_base<std::allocator<bool> >> = {_M_impl = {<std::allocator<unsigned long>> = {<__gnu_cxx::new_allocator<unsigned long>> = {<No data fields>}, <No data fields>}, _M_start = {<std::_Bit_iterator_base> = {<std::iterator<std::random_access_iterator_tag, bool, int, bool*, bool&>> = {<No data fields>}, _M_p = 0x8213dd8, _M_offset = 0}, <No data fields>}, _M_finish = {<std::_Bit_iterator_base> = {<std::iterator<std::random_access_iterator_tag, bool, int, bool*, bool&>> = {<No data fields>}, _M_p = 0x8213dd8, _M_offset = 7}, <No data fields>}, _M_end_of_storage = 0x8213ddc}}, <No data fields>}, groups = {<std::_Vector_base<boost::shared_ptr<boost::program_options::options_description>, std::allocator<boost::shared_ptr<boost::program_options::options_description> > >> = {_M_impl = {<std::allocator<boost::shared_ptr<boost::program_options::options_description> >> = {<__gnu_cxx::new_allocator<boost::shared_ptr<boost::program_options::options_description> >> = {<No data fields>}, <No data fields>}, _M_start = 0x82463d0, _M_finish = 0x82463e0, _M_end_of_storage = 0x82463e0}}, <No data fields>}}
        vm = <incomplete type>
        songlist = {static npos = <optimized out>, _M_dataplus = {<std::allocator<char>> = {<__gnu_cxx::new_allocator<char>> = {<No data fields>}, <No data fields>}, _M_p = 0x81e4aec <std::string::_Rep::_S_empty_rep_storage@@GLIBCXX_3.4+12> ""}}
        loglevel = {static npos = <optimized out>, _M_dataplus = {<std::allocator<char>> = {<__gnu_cxx::new_allocator<char>> = {<No data fields>}, <No data fields>}, _M_p = 0x81e4aec <std::string::_Rep::_S_empty_rep_storage@@GLIBCXX_3.4+12> ""}}
        opt3 = {static m_default_line_length = 80, m_caption = {static npos = <optimized out>, _M_dataplus = {<std::allocator<char>> = {<__gnu_cxx::new_allocator<char>> = {<No data fields>}, <No data fields>}, _M_p = 0x82461f4 "Hidden options"}}, m_line_length = 80, m_min_description_length = 40, m_options = {<std::_Vector_base<boost::shared_ptr<boost::program_options::option_description>, std::allocator<boost::shared_ptr<boost::program_options::option_description> > >> = {_M_impl = {<std::allocator<boost::shared_ptr<boost::program_options::option_description> >> = {<__gnu_cxx::new_allocator<boost::shared_ptr<boost::program_options::option_description> >> = {<No data fields>}, <No data fields>}, _M_start = 0x8213b18, _M_finish = 0x8213b20, _M_end_of_storage = 0x8213b20}}, <No data fields>}, belong_to_group = {<std::_Bvector_base<std::allocator<bool> >> = {_M_impl = {<std::allocator<unsigned long>> = {<__gnu_cxx::new_allocator<unsigned long>> = {<No data fields>}, <No data fields>}, _M_start = {<std::_Bit_iterator_base> = {<std::iterator<std::random_access_iterator_tag, bool, int, bool*, bool&>> = {<No data fields>}, _M_p = 0x8213ba0, _M_offset = 0}, <No data fields>}, _M_finish = {<std::_Bit_iterator_base> = {<std::iterator<std::random_access_iterator_tag, bool, int, bool*, bool&>> = {<No data fields>}, _M_p = 0x8213ba0, _M_offset = 1}, <No data fields>}, _M_end_of_storage = 0x8213ba4}}, <No data fields>}, groups = {<std::_Vector_base<boost::shared_ptr<boost::program_options::options_description>, std::allocator<boost::shared_ptr<boost::program_options::options_description> > >> = {_M_impl = {<std::allocator<boost::shared_ptr<boost::program_options::options_description> >> = {<__gnu_cxx::new_allocator<boost::shared_ptr<boost::program_options::options_description> >> = {<No data fields>}, <No data fields>}, _M_start = 0x0, _M_finish = 0x0, _M_end_of_storage = 0x0}}, <No data fields>}}
(gdb) info registers
eax            0xb794d000	-1214984192
ecx            0xae897000	-1366724608
edx            0x0	0
ebx            0x0	0
esp            0x86b13c0	0x86b13c0
ebp            0xbfffe3f8	0xbfffe3f8
esi            0xbfffe454	-1073748908
edi            0xbfffe3c0	-1073749056
eip            0x819c205	0x819c205 <Shader::dumpInfoLog(unsigned int)+69>
eflags         0x210206	[ PF IF RF ID ]
cs             0x73	115
ss             0x7b	123
ds             0x7b	123
es             0x7b	123
fs             0x0	0
gs             0x33	51
(gdb) x/16i $pc
=> 0x819c205 <Shader::dumpInfoLog(unsigned int)+69>:	mov    %ebx,(%esp)
   0x819c208 <Shader::dumpInfoLog(unsigned int)+72>:	lea    0x10(%esp),%esi
   0x819c20c <Shader::dumpInfoLog(unsigned int)+76>:	call   *0x81e48a0
   0x819c212 <Shader::dumpInfoLog(unsigned int)+82>:	mov    %esi,0xc(%esp)
   0x819c216 <Shader::dumpInfoLog(unsigned int)+86>:	test   %al,%al
   0x819c218 <Shader::dumpInfoLog(unsigned int)+88>:	lea    -0x1c(%ebp),%eax
   0x819c21b <Shader::dumpInfoLog(unsigned int)+91>:	mov    %eax,0x8(%esp)
   0x819c21f <Shader::dumpInfoLog(unsigned int)+95>:	mov    -0x20(%ebp),%eax
   0x819c222 <Shader::dumpInfoLog(unsigned int)+98>:	mov    %ebx,(%esp)
   0x819c225 <Shader::dumpInfoLog(unsigned int)+101>:	mov    %eax,0x4(%esp)
   0x819c229 <Shader::dumpInfoLog(unsigned int)+105>:	je     0x819c260 <Shader::dumpInfoLog(unsigned int)+160>
   0x819c22b <Shader::dumpInfoLog(unsigned int)+107>:	call   *0x81e5190
   0x819c231 <Shader::dumpInfoLog(unsigned int)+113>:	mov    -0x1c(%ebp),%eax
   0x819c234 <Shader::dumpInfoLog(unsigned int)+116>:	movl   $0x81b1b4c,0x4(%esp)
   0x819c23c <Shader::dumpInfoLog(unsigned int)+124>:	mov    %esi,(%esp)
   0x819c23f <Shader::dumpInfoLog(unsigned int)+127>:	mov    %eax,0x8(%esp)
(gdb) thread apply all backg[Ktrace

Thread 9 (Thread 0xaf5a6b40 (LWP 2476)):
#0  0xb7fdd428 in __kernel_vsyscall ()
#1  0xb65b0c8b in poll () at ../sysdeps/unix/syscall-template.S:81
#2  0xb6a87689 in ?? () from /usr/lib/i386-linux-gnu/libportaudio.so.2
#3  0xb6a88310 in ?? () from /usr/lib/i386-linux-gnu/libportaudio.so.2
#4  0xb7e18f70 in start_thread (arg=0xaf5a6b40) at pthread_create.c:312
#5  0xb65bfbee in clone () at ../sysdeps/unix/sysv/linux/i386/clone.S:129

Thread 8 (Thread 0xab5d2b40 (LWP 2475)):
#0  0xb7fdd428 in __kernel_vsyscall ()
#1  0xb65b0c8b in poll () at ../sysdeps/unix/syscall-template.S:81
#2  0xb6a87689 in ?? () from /usr/lib/i386-linux-gnu/libportaudio.so.2
#3  0xb6a88310 in ?? () from /usr/lib/i386-linux-gnu/libportaudio.so.2
#4  0xb7e18f70 in start_thread (arg=0xab5d2b40) at pthread_create.c:312
#5  0xb65bfbee in clone () at ../sysdeps/unix/sysv/linux/i386/clone.S:129

Thread 2 (Thread 0xb004ab40 (LWP 2469)):
#0  0xb7fdd428 in __kernel_vsyscall ()
#1  0xb65b0c8b in poll () at ../sysdeps/unix/syscall-template.S:81
#2  0xb02ea442 in ?? () from /lib/i386-linux-gnu/libusb-1.0.so.0
#3  0xb7e18f70 in start_thread (arg=0xb004ab40) at pthread_create.c:312
#4  0xb65bfbee in clone () at ../sysdeps/unix/sysv/linux/i386/clone.S:129

Thread 1 (Thread 0xb007f900 (LWP 2464)):
#0  Shader::dumpInfoLog (this=this@entry=0x835e500, id=0) at /home/xbmc/git/performous/game/glshader.cc:35
#1  0x0819e028 in Shader::compileCode (this=this@entry=0x835e500, srccode=..., type=type@entry=36313) at /home/xbmc/git/performous/game/glshader.cc:85
#2  0x0819f620 in Shader::compileFile (this=0x835e500, filename=...) at /home/xbmc/git/performous/game/glshader.cc:67
#3  0x081297c5 in Window::Window (this=0xbfffe98c, width=<optimized out>, height=<optimized out>, fs=true) at /home/xbmc/git/performous/game/video_driver.cc:98
#4  0x0811cb21 in mainLoop (songlist=...) at /home/xbmc/git/performous/game/main.cc:142
#5  0x08099f85 in main (argc=1, argv=0xbffff1d4) at /home/xbmc/git/performous/game/main.cc:392

**Comment by parkragsterman** [comment]
here's also the bt command output you asked for:

(gdb) bt
#0  Shader::dumpInfoLog (this=this@entry=0x83585f8, id=0)
    at /home/xbmc/git/performous/game/glshader.cc:35
#1  0x0819e028 in Shader::compileCode (this=this@entry=0x83585f8, srccode=..., 
    type=type@entry=36313) at /home/xbmc/git/performous/game/glshader.cc:85
#2  0x0819f620 in Shader::compileFile (this=0x83585f8, filename=...)
    at /home/xbmc/git/performous/game/glshader.cc:67
#3  0x081297c5 in Window::Window (this=0xbfffe98c, width=<optimized out>, 
    height=<optimized out>, fs=true)
    at /home/xbmc/git/performous/game/video_driver.cc:98
#4  0x0811cb21 in mainLoop (songlist=...)
    at /home/xbmc/git/performous/game/main.cc:142
#5  0x08099f85 in main (argc=1, argv=0xbffff1d4)
    at /home/xbmc/git/performous/game/main.cc:392

**Comment by nieknooijens** [comment]
it's line 35 of the shader?
that's this line:
	if (glIsShader(id)) glGetShaderInfoLog(id, maxLength, &infoLogLength, infoLog);
these are just logs, you can comment them out like so:

//	if (glIsShader(id)) glGetShaderInfoLog(id, maxLength, &infoLogLength, infoLog);
//	else glGetProgramInfoLog(id, maxLength, &infoLogLength, infoLog);

it's pretty weird since I'm running performous on a Nvidia GT840M with the 3.40.76 driver and I can't reproduce this segfault.
![schermafdruk van 2015-06-23 14 51 32](https://cloud.githubusercontent.com/assets/2794331/8306321/5dac5a5c-19b7-11e5-9850-b6fd6e384314.png)

**Comment by TobiX** [comment]
Could you try my new https://github.com/performous/performous/tree/fail-on-shader-creation-error branch? id == 0 seems very fishy, my change should help to get reasonable errors, also check the infolog.txt

**Comment by parkragsterman** [comment]
ok, recompiled with lines 35 and 36 commented out as suggested above. I get another error now instead:

FATAL ERROR: /usr/local/share/games/performous/shaders/stereo3d.geom: Shader compile error
core/error: /usr/local/share/games/performous/shaders/stereo3d.geom: Shader compile error
More details might be available in "/home/xbmc/.cache/performous/infolog.txt".

there is no additional info in infolog.txt (just the same as above). segfault again.

Program received signal SIGSEGV, Segmentation fault.
[Switching to Thread 0xab5d2b40 (LWP 3623)]
0x081470c2 in insert<da::step_iterator<float const> > (begin=..., 
    this=0x825793c, end=...) at /home/xbmc/git/performous/game/pitch.hh:45
45				m_buf[w] = *begin++;  // Copy sample

(gdb) bt
#0  0x081470c2 in insert<da::step_iterator<float const> > (begin=..., 
    this=0x825793c, end=...) at /home/xbmc/git/performous/game/pitch.hh:45
#1  input<da::step_iterator<float const> > (begin=..., this=0x8257938, end=...)
    at /home/xbmc/git/performous/game/pitch.hh:80
#2  Device::operator() (this=0x824e3e0, input=0x8278a80, output=0x0, 
    frames=899) at /home/xbmc/git/performous/game/audio.cc:418
#3  0xb6a7d791 in ?? () from /usr/lib/i386-linux-gnu/libportaudio.so.2
#4  0xb6a7f714 in ?? () from /usr/lib/i386-linux-gnu/libportaudio.so.2
#5  0xb6a88397 in ?? () from /usr/lib/i386-linux-gnu/libportaudio.so.2
#6  0xb7e18f70 in start_thread (arg=0xab5d2b40) at pthread_create.c:312
#7  0xb65bfbee in clone () at ../sysdeps/unix/sysv/linux/i386/clone.S:129

also using same nvidia driver as you:
![screenshot from 2015-06-24 15 20 29](https://cloud.githubusercontent.com/assets/3504903/8330842/9c51d246-1a84-11e5-804f-69e2521f7668.png)

only difference I can see is that I'm using a 32 bit kernel.

I will also try with the fail-on-shader branch as suggested by you Tobi.

**Comment by parkragsterman** [comment]
also tried your branch Tobi.

FATAL ERROR: /usr/local/share/games/performous/shaders/stereo3d.geom: Couldn't create shader.
core/error: /usr/local/share/games/performous/shaders/stereo3d.geom: Couldn't create shader.
More details might be available in "/home/xbmc/.cache/performous/infolog.txt".
If you think this is a bug in Performous, please report it at 
  https://github.com/performous/performous/issueslogger/info: Exiting normally.

infolog.txt:
logger/notice: Logging all notices, warnings and errors. Log file: /home/xbmc/.cache/performous/infolog.txt
core/notice: Performous 1.0-85-gfae1452 starting...
  Build date:           Jun 24 2015
  Internationalization: Enabled
  MIDI Hardware I/O:    Enabled
  Webcam support:       Enabled
core/notice: Starting the audio subsystem (errors printed on console may be ignored).
core/error: /usr/local/share/games/performous/shaders/stereo3d.geom: Couldn't create shader.
More details might be available in "/home/xbmc/.cache/performous/infolog.txt".
If you think this is a bug in Performous, please report it at 
  https://github.com/performous/performous/issueslogger/info: Exiting normally.

let me know if you were looking for a particular log. the backtrace contains no data for this branch.

**Comment by nieknooijens** [comment]
seriously stereo-3d? shouldn't that option be disabled by default?
try removing ~/.config/Performous or force disable it by adding:
  <entry name="graphic/stereo3d" type="bool" value="false"/>
to ~/.config/Performous/config.xml

**Comment by TobiX** [comment]
@nieknooijens That won't help. As seen in video_driver.cc, the shader is compiled as long as the graphics card seems capable, this is totally independent from the setting. It seems to me something trips up the driver for the ION there... @parkragsterman Could you run performous with "--log video", please?

**Comment by parkragsterman** [comment]
ok, tried both suggestions. even when creating the boolean to deactivate stereo3d I get exactly the same error message. so it seems to be along the lines that @TobiX is saying.

performous --log video gives the following infolog.txt:
video/info: GL_VENDOR:     NVIDIA Corporation
video/info: GL_VERSION:    3.3.0 NVIDIA 340.76
video/info: GL_RENDERER:   ION/integrated/SSE2
core/error: /usr/local/share/games/performous/shaders/stereo3d.geom: Couldn't create shader.
More details might be available in "/home/xbmc/.cache/performous/infolog.txt".
If you think this is a bug in Performous, please report it at 
  https://github.com/performous/performous/issueslogger/info: Exiting normally.

I'm still running the code from the debugging branch you Tobi created. I tried downgrading the nvidia driver to 331 without any change to the result.

**Comment by ArpegiusWhooves** [comment]
I've got same Error on current master and most recent AMD Catalyst:

    video/info: GL_VENDOR:     ATI Technologies Inc.
    video/info: GL_VERSION:    4.5.13397 Compatibility Profile Context 13.35.1005
    video/info: GL_RENDERER:   AMD Radeon HD 8670D
    terminate called after throwing an instance of 'std::runtime_error'
      what():  stereo3d.geom: Couldn't create shader.
    Przerwane (core dumped)

**Comment by nieknooijens** [comment]
stereo 3d isn't a must-have feature so in the worst case scenario we could create a cmake option to disable it at compile time just like the webcam and webserver stuff.

**Comment by TobiX** [comment]
Well, Tronic and I already found what the error is, we just need someone to test my https://github.com/performous/performous/tree/check-for-gl-ext branch to verify the solution is correct...

**Comment by ArpegiusWhooves** [comment]
@TobiX  This will not work since I have this extension:

    $ glxinfo | grep -E 'GL.*version string|GL_ARB_viewport_array'
    OpenGL core profile version string: 4.3.13397 Core Profile Context 13.35.1005
    OpenGL core profile shading language version string: 4.40
        GL_ARB_viewport_array, GL_ARB_window_pos, GL_ATI_draw_buffers, 
    OpenGL version string: 4.5.13397 Compatibility Profile Context 13.35.1005
    OpenGL shading language version string: 4.40
        GL_ARB_viewport_array, GL_ARB_window_pos, GL_ATI_draw_buffers, 

Anyway this branch give me SIGSEGV at testing epoxy_has_gl_extension. Something is wrong with context, maybe is never made?

**Comment by TobiX** [comment]
@ArpegiusWhooves So it works with a newer libepoxy? That's... nasty...

Skipping that shader if glCreateShader fails isn't useful, since it will just fail on the next call to glCreateShader. Exploding if glCreateShader fails is actually the sane thing to do...

Okay, checked it. Ubuntu 14.04 is a very bad target for Performous, since libepoxy 1.1 is basically broken... git bisect says commit anholt/libepoxy@e6d9bb971bfeb9e3990ee54bdc84b701e1eaabd8 fixed that... I'm not sure what we need to do (if we can do anything) to make Performous work with libepoxy 1.1 :(

**Comment by Lord-Kamina** [comment]
Hmm. Wouldn't it be possible to include a newer version of libepoxy and
make a switch (off by default) to use that instead of the system's?

On Monday, July 27, 2015, Tobias Gruetzmacher <notifications@github.com>
wrote:

> @ArpegiusWhooves <https://github.com/ArpegiusWhooves> So it works with a
> newer libepoxy? That's... nasty...
>
> Skipping that shader if glCreateShader fails isn't useful, since it will
> just fail on the next call to glCreateShader. Exploding if glCreateShader
> fails is actually the sane thing to do...
>
> Okay, checked it. Ubuntu 14.04 is a very bad target for Performous, since
> libepoxy 1.1 is basically broken... git bisect says commit
> anholt/libepoxy@e6d9bb9
> <https://github.com/anholt/libepoxy/commit/e6d9bb971bfeb9e3990ee54bdc84b701e1eaabd8>
> fixed that... I'm not sure what we need to do (if we can do anything) to
> make Performous work with libepoxy 1.1 :(
>
> —
> Reply to this email directly or view it on GitHub
> <https://github.com/performous/performous/issues/148#issuecomment-125364263>
> .
>


-- 

-- 
  Gregorio Litenstein Goldzweig [image: glit_qr.png]  Interno de
Medicina  Facultad
de Medicina Clí­nica Alemana - Universidad del Desarrollo

   - Fono: +56 9 96343643
   - E-Mail: g.litenstein@gmail.com

**Comment by TobiX** [comment]
I'd rather not if I can help it. But adding a check for too old versions probably wouldn't hurt. Maybe someone could provide a PPA for Ubuntu?

**Comment by nieknooijens** [comment]
problem with launchpad/ppa's is that you need source-packages and they will be built on the server.
it's a hell to set up. I think it's easier to publish a .deb which is easily created by typing "sudo checkinstall" in stead of "make install" in the build process

**Comment by TobiX** [comment]
What? Using PPAs shouldn't be much harder then packaging software for Debian/Ubuntu?!? And since libepoxy is already packaged for Deabian and Ubuntu it should be as easy as
```
apt-get source libepoxy
cd libe*
dch *something*
debuild *something*
dput *something*
```
I'll try if I find some time (unlikely).

**Comment by TobiX** [comment]
Please check newer libepoxy from my PPA: https://launchpad.net/~tobix/+archive/ubuntu/epoxy

**Comment by TobiX** [comment]
@parkragsterman Could you check if the initial problem still occurs with my branch and the libepoxy from my PPA?

**Comment by parkragsterman** [comment]
Hey guys, just to confirm, the updated libepoxy from Tobi did wonders. the shader issue went away. also the original issue is now gone (the hissing sound and incorrect bit-rate). I saw on another thread that there was a temporary issue with ffmpeg which caused it around performous 0.7.0-3. in 0.7.0-7 it was fixed again.

thank you all so much for the support.
